<?xml version="1.0" encoding="UTF-8"?>
<!-- Generated by org.testng.reporters.JUnitReportReporter -->
<testsuite hostname="LAPTOP-B0QNBUE6" failures="0" tests="1" name="com.qa.guru99.runner.Runner" time="4.803" errors="0" timestamp="27 Aug 2022 17:15:25 GMT" skipped="0">
  <testcase classname="com.qa.guru99.runner.Runner" name="runScenario" time="4.803"/>
</testsuite> <!-- com.qa.guru99.runner.Runner -->
